<?xml version="1.0" encoding="UTF-8"?><testsuites><testsuite name="mobostor client for ynodejs" tests="27" failures="0" time="0.147"><testcase name="test_storeResource" time="0.01"></testcase><testcase name="test_storeResourceObject" time="0.002"></testcase><testcase name="test_checkFile" time="0.001"></testcase><testcase name="test_retrieveResource" time="0.002"></testcase><testcase name="test_retrieveResourceWithFullPath" time="0.002"></testcase><testcase name="test_retrieveResourceRedirection" time="0.001"></testcase><testcase name="test_retrieveResourceRedirectionWithQueryString" time="0.001"></testcase><testcase name="test_retrieveResourceRedirectionWithQueryStringAndMaximumRedirectionLimit" time="0.002"></testcase><testcase name="test_retrieveResourceRedirectionNegative" time="0.001"></testcase><testcase name="test_createClientNoConfig" time="0"></testcase><testcase name="test_createClientBadConfig" time="0"></testcase><testcase name="test_throwsExceptionOnError" time="0.003"></testcase><testcase name="test_storeFileWithMaxAge" time="0.021"></testcase><testcase name="test_checkMaxAgedFile" time="0.001"></testcase><testcase name="test_retrieveResource2" time="0.002"></testcase><testcase name="test_retrieveResource404" time="0.001"></testcase><testcase name="test_storeFileStream" time="0.002"></testcase><testcase name="test_retrieveFileStoredFromFile" time="0.002"></testcase><testcase name="test_createFolder" time="0.001"></testcase><testcase name="test_checkFolder" time="0.001"></testcase><testcase name="test_storeBinaryFileStream" time="0.028"></testcase><testcase name="test_retrieveBinaryFileStoredFromFile" time="0.008"></testcase><testcase name="test_storeBinaryFileStream2" time="0.005"></testcase><testcase name="test_retrieveBinaryFileStoredFromFileTwice" time="0.006"></testcase><testcase name="test_deleteResource" time="0.001"></testcase><testcase name="test_getSignedUrlNegativeUrl" time="0.002"></testcase><testcase name="test_getSignedUrlNegativeExpirey" time="0.001"></testcase></testsuite></testsuites>